<?xml version="1.0" encoding="UTF-8"?>
<testng-results skipped="0" failed="0" ignored="0" total="4" passed="4">
  <reporter-output>
  </reporter-output>
  <suite name="Suite" duration-ms="90" started-at="2021-02-23T16:49:08 IST" finished-at="2021-02-23T16:49:08 IST">
    <groups>
    </groups>
    <test name="Test" duration-ms="90" started-at="2021-02-23T16:49:08 IST" finished-at="2021-02-23T16:49:08 IST">
      <class name="qaclickacademy.RESTAPITest">
        <test-method status="PASS" signature="deleteTwitter()[pri:0, instance:qaclickacademy.RESTAPITest@598067a5]" name="deleteTwitter" duration-ms="1" started-at="2021-02-23T16:49:08 IST" finished-at="2021-02-23T16:49:08 IST">
          <reporter-output>
          </reporter-output>
        </test-method> <!-- deleteTwitter -->
        <test-method status="PASS" signature="postJira()[pri:0, instance:qaclickacademy.RESTAPITest@598067a5]" name="postJira" duration-ms="2" started-at="2021-02-23T16:49:08 IST" finished-at="2021-02-23T16:49:08 IST">
          <reporter-output>
          </reporter-output>
        </test-method> <!-- postJira -->
      </class> <!-- qaclickacademy.RESTAPITest -->
      <class name="qaclickacademy.SeleniumTest">
        <test-method status="PASS" signature="BrowserAutomation()[pri:0, instance:qaclickacademy.SeleniumTest@31ef45e3]" name="BrowserAutomation" duration-ms="8" started-at="2021-02-23T16:49:08 IST" finished-at="2021-02-23T16:49:08 IST">
          <reporter-output>
          </reporter-output>
        </test-method> <!-- BrowserAutomation -->
        <test-method status="PASS" signature="elementsUi()[pri:0, instance:qaclickacademy.SeleniumTest@31ef45e3]" name="elementsUi" duration-ms="0" started-at="2021-02-23T16:49:08 IST" finished-at="2021-02-23T16:49:08 IST">
          <reporter-output>
          </reporter-output>
        </test-method> <!-- elementsUi -->
      </class> <!-- qaclickacademy.SeleniumTest -->
    </test> <!-- Test -->
  </suite> <!-- Suite -->
</testng-results>
